TN:
SF:src\lib\components\PlaybackControls.svelte
FN:1,(empty-report)
FNF:1
FNH:0
FNDA:0,(empty-report)
DA:1,0
DA:13,0
DA:21,0
DA:22,0
DA:30,0
DA:32,0
DA:34,0
DA:38,0
DA:39,0
LF:9
LH:0
BRDA:1,0,0,0
BRF:1
BRH:0
end_of_record
TN:
SF:src\lib\components\SpeedControl.svelte
FN:1,(empty-report)
FNF:1
FNH:0
FNDA:0,(empty-report)
DA:1,0
DA:10,0
DA:11,0
DA:12,0
DA:13,0
DA:14,0
DA:17,0
DA:18,0
DA:19,0
DA:25,0
DA:27,0
DA:28,0
DA:29,0
DA:30,0
DA:32,0
LF:15
LH:0
BRDA:1,0,0,0
BRF:1
BRH:0
end_of_record
TN:
SF:src\lib\components\StatusPanel.svelte
FN:1,(empty-report)
FNF:1
FNH:0
FNDA:0,(empty-report)
DA:1,0
DA:15,0
DA:16,0
DA:21,0
DA:27,0
DA:30,0
DA:34,0
DA:38,0
DA:40,0
DA:41,0
LF:10
LH:0
BRDA:1,0,0,0
BRF:1
BRH:0
end_of_record
TN:
SF:src\lib\core\PlaybackController.svelte.ts
FN:13,<instance_members_initializer>
FN:23,get currentFrame
FN:30,get totalSteps
FN:34,get progress
FN:39,get trace
FN:46,PlaybackController
FN:68,stepForward
FN:75,stepBack
FN:82,play
FN:90,pause
FN:99,reset
FN:105,setSpeed
FN:110,loadTrace
FNF:13
FNH:12
FNDA:23,<instance_members_initializer>
FNDA:5,get currentFrame
FNDA:21,get totalSteps
FNDA:4,get progress
FNDA:0,get trace
FNDA:23,PlaybackController
FNDA:7,stepForward
FNDA:5,stepBack
FNDA:5,play
FNDA:24,pause
FNDA:2,reset
FNDA:3,setSpeed
FNDA:19,loadTrace
DA:1,1
DA:13,1
DA:15,23
DA:16,23
DA:17,23
DA:20,23
DA:23,23
DA:24,5
DA:25,1
DA:26,1
DA:27,4
DA:28,4
DA:30,23
DA:31,21
DA:32,21
DA:34,23
DA:35,4
DA:36,3
DA:37,3
DA:39,23
DA:40,0
DA:41,0
DA:44,23
DA:46,23
DA:48,23
DA:49,28
DA:50,2
DA:51,0
DA:52,0
DA:53,0
DA:54,0
DA:55,0
DA:56,2
DA:58,2
DA:59,0
DA:60,0
DA:61,0
DA:62,0
DA:63,2
DA:64,23
DA:65,23
DA:68,23
DA:69,7
DA:70,6
DA:71,6
DA:72,7
DA:75,23
DA:76,5
DA:77,4
DA:78,4
DA:79,5
DA:82,23
DA:83,5
DA:84,1
DA:85,1
DA:86,5
DA:87,5
DA:90,23
DA:91,24
DA:92,24
DA:93,0
DA:94,0
DA:95,0
DA:96,24
DA:99,23
DA:100,2
DA:101,2
DA:102,2
DA:105,23
DA:106,3
DA:107,3
DA:110,23
DA:111,19
DA:112,19
DA:113,19
DA:114,19
DA:115,23
LF:77
LH:63
BRDA:13,0,0,23
BRDA:23,1,0,5
BRDA:24,2,0,4
BRDA:24,3,0,1
BRDA:26,4,0,4
BRDA:30,5,0,21
BRDA:31,6,0,19
BRDA:31,7,0,2
BRDA:34,8,0,4
BRDA:35,9,0,1
BRDA:35,10,0,3
BRDA:46,11,0,23
BRDA:48,12,0,28
BRDA:49,13,0,2
BRDA:68,14,0,7
BRDA:69,15,0,6
BRDA:75,16,0,5
BRDA:76,17,0,4
BRDA:82,18,0,5
BRDA:83,19,0,1
BRDA:90,20,0,24
BRDA:92,21,0,0
BRDA:99,22,0,2
BRDA:105,23,0,3
BRDA:110,24,0,19
BRF:25
BRH:24
end_of_record
TN:
SF:src\lib\plugins\trappingRainWater2.ts
FN:10,<instance_members_initializer>
FN:13,push
FN:18,pop
FN:28,bubbleUp
FN:37,bubbleDown
FN:56,isEmpty
FN:60,toArray
FN:65,trapRainWater2
FN:244,validateInput
FNF:9
FNH:9
FNDA:7,<instance_members_initializer>
FNDA:63,push
FNDA:63,pop
FNDA:63,bubbleUp
FNDA:56,bubbleDown
FNDA:70,isEmpty
FNDA:140,toArray
FNDA:7,trapRainWater2
FNDA:12,validateInput
DA:10,7
DA:11,7
DA:13,7
DA:14,63
DA:15,63
DA:16,63
DA:18,7
DA:19,63
DA:20,63
DA:22,56
DA:23,56
DA:24,56
DA:25,56
DA:26,63
DA:28,7
DA:29,63
DA:30,62
DA:31,62
DA:32,10
DA:33,10
DA:34,10
DA:35,63
DA:37,7
DA:38,56
DA:39,62
DA:40,62
DA:41,62
DA:43,62
DA:44,4
DA:45,4
DA:46,62
DA:47,2
DA:48,2
DA:49,62
DA:51,6
DA:52,6
DA:53,6
DA:54,56
DA:56,7
DA:57,70
DA:58,70
DA:60,7
DA:61,140
DA:62,140
DA:63,7
DA:65,7
DA:66,7
DA:67,7
DA:68,7
DA:70,7
DA:71,7
DA:73,7
DA:74,7
DA:75,7
DA:78,7
DA:79,7
DA:80,7
DA:81,7
DA:82,7
DA:83,7
DA:84,7
DA:85,7
DA:86,7
DA:87,7
DA:88,7
DA:91,7
DA:92,21
DA:93,63
DA:94,56
DA:95,56
DA:96,56
DA:97,63
DA:98,21
DA:100,7
DA:101,7
DA:102,7
DA:103,7
DA:104,7
DA:105,7
DA:106,7
DA:107,7
DA:108,7
DA:109,21
DA:110,63
DA:111,21
DA:112,7
DA:113,7
DA:114,7
DA:115,7
DA:116,7
DA:117,7
DA:119,7
DA:120,7
DA:121,7
DA:122,7
DA:123,7
DA:124,7
DA:127,7
DA:128,63
DA:129,63
DA:131,63
DA:132,63
DA:133,252
DA:134,252
DA:136,252
DA:137,252
DA:138,231
DA:139,210
DA:140,189
DA:141,168
DA:142,252
DA:143,7
DA:144,7
DA:145,7
DA:146,7
DA:148,7
DA:149,7
DA:150,7
DA:151,7
DA:152,7
DA:154,7
DA:155,7
DA:156,252
DA:158,63
DA:159,63
DA:160,63
DA:161,63
DA:162,63
DA:163,63
DA:164,63
DA:165,63
DA:166,63
DA:167,63
DA:168,63
DA:169,63
DA:170,7
DA:171,56
DA:172,63
DA:173,63
DA:174,63
DA:175,63
DA:176,63
DA:177,63
DA:178,63
DA:179,63
DA:182,7
DA:183,7
DA:184,7
DA:185,7
DA:186,7
DA:187,7
DA:188,7
DA:189,7
DA:190,7
DA:191,7
DA:192,7
DA:194,7
DA:195,7
DA:196,7
DA:197,7
DA:198,7
DA:199,7
DA:200,7
DA:202,1
DA:203,1
DA:204,1
DA:205,1
DA:206,1
DA:207,1
DA:208,1
DA:209,1
DA:210,1
DA:211,1
DA:212,1
DA:213,1
DA:214,1
DA:215,1
DA:216,1
DA:217,1
DA:218,1
DA:219,1
DA:220,1
DA:221,1
DA:222,1
DA:223,1
DA:224,1
DA:225,1
DA:226,1
DA:227,1
DA:228,1
DA:229,1
DA:230,1
DA:231,1
DA:232,1
DA:233,1
DA:234,1
DA:235,1
DA:236,1
DA:237,1
DA:238,1
DA:239,1
DA:240,1
DA:241,1
DA:242,1
DA:243,1
DA:244,1
DA:245,12
DA:246,2
DA:247,2
DA:249,10
DA:250,12
DA:251,1
DA:252,1
DA:254,12
DA:255,29
DA:256,1
DA:257,1
DA:258,29
DA:259,133
DA:260,2
DA:261,2
DA:262,2
DA:263,2
DA:264,2
DA:265,133
DA:266,26
DA:268,12
DA:269,1
DA:270,1
DA:271,1
DA:272,1
DA:273,1
DA:275,5
DA:276,12
DA:277,1
LF:235
LH:235
BRDA:10,0,0,7
BRDA:13,1,0,63
BRDA:18,2,0,63
BRDA:19,3,0,0
BRDA:20,4,0,7
BRDA:20,5,0,56
BRDA:28,6,0,63
BRDA:29,7,0,62
BRDA:31,8,0,52
BRDA:31,9,0,10
BRDA:37,10,0,56
BRDA:38,11,0,62
BRDA:43,12,0,52
BRDA:43,13,0,4
BRDA:46,14,0,44
BRDA:46,15,0,2
BRDA:49,16,0,56
BRDA:49,17,0,6
BRDA:56,18,0,70
BRDA:60,19,0,140
BRDA:65,20,0,7
BRDA:91,21,0,21
BRDA:92,22,0,63
BRDA:93,23,0,42
BRDA:93,24,0,21
BRDA:93,25,0,14
BRDA:93,26,0,56
BRDA:127,27,0,63
BRDA:132,28,0,252
BRDA:137,29,0,231
BRDA:138,30,0,210
BRDA:139,31,0,189
BRDA:140,32,0,168
BRDA:142,33,0,7
BRDA:167,34,0,7
BRDA:167,35,0,56
BRDA:169,36,0,7
BRDA:170,37,0,56
BRDA:70,38,0,21
BRDA:71,39,0,21
BRDA:81,40,0,21
BRDA:82,41,0,21
BRDA:83,42,0,21
BRDA:103,43,0,21
BRDA:104,44,0,21
BRDA:105,45,0,21
BRDA:108,46,0,21
BRDA:109,47,0,63
BRDA:110,48,0,42
BRDA:110,49,0,21
BRDA:110,50,0,14
BRDA:110,51,0,56
BRDA:110,52,0,7
BRDA:114,53,0,63
BRDA:161,54,0,189
BRDA:162,55,0,189
BRDA:163,56,0,189
BRDA:185,57,0,21
BRDA:186,58,0,21
BRDA:187,59,0,21
BRDA:244,60,0,12
BRDA:245,61,0,11
BRDA:245,62,0,2
BRDA:247,63,0,10
BRDA:250,64,0,1
BRDA:252,65,0,9
BRDA:254,66,0,29
BRDA:255,67,0,1
BRDA:257,68,0,28
BRDA:258,69,0,133
BRDA:259,70,0,132
BRDA:259,71,0,2
BRDA:265,72,0,26
BRDA:266,73,0,6
BRDA:268,74,0,5
BRDA:268,75,0,1
BRDA:273,76,0,5
BRF:77
BRH:76
end_of_record
TN:
SF:src\lib\plugins\uniquePathsWithObstacles.ts
FN:12,uniquePathsWithObstacles
FN:233,validateInput
FNF:2
FNH:2
FNDA:11,uniquePathsWithObstacles
FNDA:15,validateInput
DA:12,11
DA:13,11
DA:14,11
DA:15,11
DA:16,11
DA:19,11
DA:20,11
DA:22,11
DA:23,11
DA:26,11
DA:27,11
DA:28,11
DA:29,11
DA:30,11
DA:31,11
DA:32,11
DA:33,11
DA:34,11
DA:35,11
DA:36,11
DA:37,11
DA:40,11
DA:41,11
DA:42,11
DA:43,11
DA:44,11
DA:45,11
DA:46,11
DA:47,11
DA:48,11
DA:49,11
DA:50,11
DA:51,11
DA:52,11
DA:53,11
DA:56,11
DA:57,21
DA:59,21
DA:60,21
DA:61,21
DA:62,21
DA:63,21
DA:64,21
DA:65,21
DA:66,21
DA:67,21
DA:68,21
DA:69,21
DA:70,21
DA:71,21
DA:74,21
DA:75,45
DA:77,45
DA:78,4
DA:79,4
DA:81,4
DA:82,4
DA:83,4
DA:84,4
DA:85,4
DA:86,4
DA:87,4
DA:88,4
DA:89,4
DA:90,4
DA:91,4
DA:92,4
DA:93,4
DA:94,4
DA:95,4
DA:96,4
DA:97,4
DA:98,4
DA:99,4
DA:100,45
DA:101,41
DA:102,41
DA:103,41
DA:104,41
DA:106,41
DA:107,41
DA:108,41
DA:110,41
DA:111,41
DA:112,41
DA:113,41
DA:114,41
DA:115,41
DA:116,41
DA:117,41
DA:118,41
DA:119,41
DA:120,41
DA:121,41
DA:122,41
DA:123,41
DA:124,41
DA:125,41
DA:126,41
DA:127,41
DA:128,41
DA:129,41
DA:130,41
DA:131,41
DA:132,41
DA:133,45
DA:135,45
DA:137,45
DA:138,45
DA:139,45
DA:140,45
DA:141,45
DA:142,45
DA:143,45
DA:144,45
DA:145,45
DA:146,45
DA:147,45
DA:148,45
DA:149,45
DA:152,21
DA:153,21
DA:154,21
DA:155,21
DA:156,21
DA:157,21
DA:158,21
DA:159,21
DA:160,21
DA:161,21
DA:162,21
DA:163,21
DA:164,21
DA:165,21
DA:167,21
DA:168,21
DA:169,21
DA:170,21
DA:171,21
DA:172,21
DA:173,21
DA:175,1
DA:176,1
DA:177,1
DA:178,1
DA:179,1
DA:180,1
DA:181,1
DA:182,1
DA:183,1
DA:184,1
DA:185,1
DA:186,1
DA:187,1
DA:188,1
DA:189,1
DA:190,1
DA:191,1
DA:192,1
DA:193,1
DA:194,1
DA:195,1
DA:196,1
DA:197,1
DA:198,1
DA:199,1
DA:200,1
DA:201,1
DA:202,1
DA:203,1
DA:204,1
DA:205,1
DA:206,1
DA:207,1
DA:208,1
DA:209,1
DA:210,1
DA:211,1
DA:212,1
DA:213,1
DA:214,1
DA:215,1
DA:216,1
DA:217,1
DA:218,1
DA:219,1
DA:220,1
DA:221,1
DA:222,1
DA:223,1
DA:224,1
DA:225,1
DA:226,1
DA:227,1
DA:228,1
DA:229,1
DA:230,1
DA:231,1
DA:232,1
DA:233,1
DA:234,15
DA:235,2
DA:236,2
DA:238,13
DA:239,15
DA:240,1
DA:241,1
DA:243,15
DA:244,32
DA:245,1
DA:246,1
DA:247,32
DA:248,100
DA:249,3
DA:250,3
DA:251,3
DA:252,3
DA:253,3
DA:254,100
DA:255,28
DA:257,8
DA:258,15
DA:259,1
LF:223
LH:223
BRDA:12,0,0,11
BRDA:40,1,0,2
BRDA:40,2,0,9
BRDA:51,3,0,2
BRDA:51,4,0,9
BRDA:56,5,0,21
BRDA:74,6,0,45
BRDA:77,7,0,4
BRDA:97,8,0,0
BRDA:100,9,0,41
BRDA:102,10,0,22
BRDA:102,11,0,19
BRDA:107,12,0,21
BRDA:108,13,0,22
BRDA:121,14,0,32
BRDA:121,15,0,9
BRDA:129,16,0,0
BRDA:19,17,0,21
BRDA:20,18,0,21
BRDA:29,19,0,21
BRDA:30,20,0,21
BRDA:31,21,0,21
BRDA:44,22,0,21
BRDA:45,23,0,21
BRDA:46,24,0,21
BRDA:62,25,0,43
BRDA:63,26,0,43
BRDA:64,27,0,43
BRDA:68,28,0,45
BRDA:84,29,0,8
BRDA:85,30,0,8
BRDA:86,31,0,8
BRDA:97,32,0,6
BRDA:113,33,0,89
BRDA:114,34,0,89
BRDA:115,35,0,89
BRDA:129,36,0,68
BRDA:140,37,0,43
BRDA:141,38,0,43
BRDA:142,39,0,43
BRDA:156,40,0,21
BRDA:157,41,0,21
BRDA:158,42,0,21
BRDA:233,43,0,15
BRDA:234,44,0,14
BRDA:234,45,0,2
BRDA:236,46,0,13
BRDA:239,47,0,1
BRDA:241,48,0,12
BRDA:243,49,0,32
BRDA:244,50,0,1
BRDA:246,51,0,31
BRDA:247,52,0,100
BRDA:248,53,0,13
BRDA:248,54,0,3
BRDA:254,55,0,28
BRDA:255,56,0,8
BRF:57
BRH:55
end_of_record
TN:
SF:src\lib\renderers\GridRenderer.svelte
FN:1,(empty-report)
FNF:1
FNH:0
FNDA:0,(empty-report)
DA:1,0
DA:11,0
DA:14,0
DA:15,0
DA:17,0
DA:18,0
DA:19,0
DA:20,0
DA:21,0
DA:23,0
DA:24,0
DA:25,0
DA:26,0
DA:27,0
DA:28,0
DA:30,0
DA:31,0
DA:32,0
DA:34,0
DA:35,0
DA:36,0
DA:38,0
DA:39,0
DA:41,0
DA:42,0
DA:43,0
DA:44,0
DA:45,0
DA:47,0
DA:48,0
DA:49,0
DA:50,0
DA:51,0
DA:52,0
DA:53,0
DA:57,0
DA:62,0
DA:64,0
DA:65,0
DA:66,0
DA:67,0
DA:68,0
DA:70,0
DA:71,0
DA:72,0
DA:77,0
DA:78,0
DA:79,0
DA:81,0
DA:85,0
DA:89,0
LF:51
LH:0
BRDA:1,0,0,0
BRF:1
BRH:0
end_of_record
